# JRE version: Java(TM) SE Runtime Environment (25.0+37) (build 25+37-LTS-3491)
# Java VM: Java HotSpot(TM) 64-Bit Server VM (25+37-LTS-3491, mixed mode, sharing, tiered, compressed oops, compressed class ptrs, g1 gc, windows-amd64)
GC Precious Log:
 CardTable entry size: 512
 Card Set container configuration: InlinePtr #cards 4 size 8 Array Of Cards #cards 16 size 48 Howl #buckets 8 coarsen threshold 3686 Howl Bitmap #cards 512 size 80 coarsen threshold 460 Card regions per heap region 1 cards per card region 4096
 CPUs: 4 total, 4 available
 Memory: 16345M
 Large Page Support: Disabled
 NUMA Support: Disabled
 Compressed Oops: Enabled (Zero based)
 Heap Region Size: 2M
 Heap Min Capacity: 8M
 Heap Initial Capacity: 256M
 Heap Max Capacity: 4088M
 Pre-touch: Disabled
 Parallel Workers: 4
 Concurrent Workers: 1
 Concurrent Refinement Workers: 4
 Periodic GC: Disabled
Heap:
 garbage-first heap   total reserved 4186112K, committed 116736K, used 71565K [0x0000000700800000, 0x0000000800000000)
  region size 2048K, 3 young (6144K), 2 survivors (4096K)
GC Heap Usage History (20 events):
Event: 38.009 {heap Before GC invocations=5 (full 0):
 garbage-first heap   total reserved 4186112K, committed 73728K, used 56396K [0x0000000700800000, 0x0000000800000000)
  region size 2048K, 16 young (32768K), 3 survivors (6144K)
}
Event: 38.018 {heap After GC invocations=6 (full 0):
 garbage-first heap   total reserved 4186112K, committed 73728K, used 35257K [0x0000000700800000, 0x0000000800000000)
  region size 2048K, 2 young (4096K), 2 survivors (4096K)
}
Event: 109.249 {heap Before GC invocations=6 (full 0):
 garbage-first heap   total reserved 4186112K, committed 73728K, used 57785K [0x0000000700800000, 0x0000000800000000)
  region size 2048K, 13 young (26624K), 2 survivors (4096K)
}
Event: 109.254 {heap After GC invocations=7 (full 0):
 garbage-first heap   total reserved 4186112K, committed 73728K, used 38448K [0x0000000700800000, 0x0000000800000000)
  region size 2048K, 2 young (4096K), 2 survivors (4096K)
}
Event: 167.052 {heap Before GC invocations=7 (full 0):
 garbage-first heap   total reserved 4186112K, committed 73728K, used 58928K [0x0000000700800000, 0x0000000800000000)
  region size 2048K, 12 young (24576K), 2 survivors (4096K)
}
Event: 167.058 {heap After GC invocations=8 (full 0):
 garbage-first heap   total reserved 4186112K, committed 73728K, used 42929K [0x0000000700800000, 0x0000000800000000)
  region size 2048K, 2 young (4096K), 2 survivors (4096K)
}
Event: 282.207 {heap Before GC invocations=9 (full 0):
 garbage-first heap   total reserved 4186112K, committed 73728K, used 61361K [0x0000000700800000, 0x0000000800000000)
  region size 2048K, 11 young (22528K), 2 survivors (4096K)
}
Event: 282.214 {heap After GC invocations=10 (full 0):
 garbage-first heap   total reserved 4186112K, committed 73728K, used 47828K [0x0000000700800000, 0x0000000800000000)
  region size 2048K, 2 young (4096K), 2 survivors (4096K)
}
Event: 577.889 {heap Before GC invocations=10 (full 0):
 garbage-first heap   total reserved 4186112K, committed 73728K, used 62164K [0x0000000700800000, 0x0000000800000000)
  region size 2048K, 9 young (18432K), 2 survivors (4096K)
}
Event: 577.897 {heap After GC invocations=11 (full 0):
 garbage-first heap   total reserved 4186112K, committed 73728K, used 49738K [0x0000000700800000, 0x0000000800000000)
  region size 2048K, 2 young (4096K), 2 survivors (4096K)
}
Event: 578.188 {heap Before GC invocations=11 (full 0):
 garbage-first heap   total reserved 4186112K, committed 73728K, used 62026K [0x0000000700800000, 0x0000000800000000)
  region size 2048K, 8 young (16384K), 2 survivors (4096K)
}
Event: 578.193 {heap After GC invocations=12 (full 0):
 garbage-first heap   total reserved 4186112K, committed 73728K, used 52447K [0x0000000700800000, 0x0000000800000000)
  region size 2048K, 1 young (2048K), 1 survivors (2048K)
}
Event: 578.438 {heap Before GC invocations=13 (full 0):
 garbage-first heap   total reserved 4186112K, committed 90112K, used 64735K [0x0000000700800000, 0x0000000800000000)
  region size 2048K, 7 young (14336K), 1 survivors (2048K)
}
Event: 578.444 {heap After GC invocations=14 (full 0):
 garbage-first heap   total reserved 4186112K, committed 90112K, used 55271K [0x0000000700800000, 0x0000000800000000)
  region size 2048K, 1 young (2048K), 1 survivors (2048K)
}
Event: 578.805 {heap Before GC invocations=14 (full 0):
 garbage-first heap   total reserved 4186112K, committed 90112K, used 77799K [0x0000000700800000, 0x0000000800000000)
  region size 2048K, 12 young (24576K), 1 survivors (2048K)
}
Event: 578.815 {heap After GC invocations=15 (full 0):
 garbage-first heap   total reserved 4186112K, committed 90112K, used 57344K [0x0000000700800000, 0x0000000800000000)
  region size 2048K, 2 young (4096K), 2 survivors (4096K)
}
Event: 578.909 {heap Before GC invocations=15 (full 0):
 garbage-first heap   total reserved 4186112K, committed 90112K, used 63488K [0x0000000700800000, 0x0000000800000000)
  region size 2048K, 6 young (12288K), 2 survivors (4096K)
}
Event: 578.916 {heap After GC invocations=16 (full 0):
 garbage-first heap   total reserved 4186112K, committed 90112K, used 59413K [0x0000000700800000, 0x0000000800000000)
  region size 2048K, 1 young (2048K), 1 survivors (2048K)
}
Event: 1713.051 {heap Before GC invocations=17 (full 0):
 garbage-first heap   total reserved 4186112K, committed 116736K, used 86037K [0x0000000700800000, 0x0000000800000000)
  region size 2048K, 10 young (20480K), 1 survivors (2048K)
}
Event: 1713.060 {heap After GC invocations=18 (full 0):
 garbage-first heap   total reserved 4186112K, committed 116736K, used 71565K [0x0000000700800000, 0x0000000800000000)
  region size 2048K, 2 young (4096K), 2 survivors (4096K)
}

